build/app/outputs/mapping/release/mapping.txt
# compiler: R8
# compiler_version: 1.5.64
# min_api: 21
# pg_map_id: 0cca987
...
androidx.arch.core.internal.SafeIterableMap -> a.a.a.a.b:
    androidx.arch.core.internal.SafeIterableMap$Entry mStart -> a
    androidx.arch.core.internal.SafeIterableMap$Entry mEnd -> b
    int mSize -> d
    java.util.WeakHashMap mIterators -> c
    java.util.Iterator descendingIterator() -> a
    androidx.arch.core.internal.SafeIterableMap$Entry get(java.lang.Object) -> a
    java.util.Map$Entry eldest() -> b
    androidx.arch.core.internal.SafeIterableMap$IteratorWithAdditions iteratorWithAdditions() -> c
    java.util.Map$Entry newest() -> d
androidx.arch.core.internal.SafeIterableMap$AscendingIterator -> a.a.a.a.b$a:
    androidx.arch.core.internal.SafeIterableMap$Entry backward(androidx.arch.core.internal.SafeIterableMap$Entry) -> b
    androidx.arch.core.internal.SafeIterableMap$Entry forward(androidx.arch.core.internal.SafeIterableMap$Entry) -> c
androidx.arch.core.internal.SafeIterableMap$DescendingIterator -> a.a.a.a.b$b:
    androidx.arch.core.internal.SafeIterableMap$Entry backward(androidx.arch.core.internal.SafeIterableMap$Entry) -> b
    androidx.arch.core.internal.SafeIterableMap$Entry forward(androidx.arch.core.internal.SafeIterableMap$Entry) -> c
androidx.arch.core.internal.SafeIterableMap$Entry -> a.a.a.a.b$c:
    androidx.arch.core.internal.SafeIterableMap$Entry mNext -> c
    androidx.arch.core.internal.SafeIterableMap$Entry mPrevious -> d
    java.lang.Object mValue -> b
    java.lang.Object mKey -> a
androidx.arch.core.internal.SafeIterableMap$IteratorWithAdditions -> a.a.a.a.b$d:
    androidx.arch.core.internal.SafeIterableMap$Entry mCurrent -> a
    androidx.arch.core.internal.SafeIterableMap this$0 -> c
    boolean mBeforeStart -> b
    void supportRemove(androidx.arch.core.internal.SafeIterableMap$Entry) -> a
androidx.arch.core.internal.SafeIterableMap$ListIterator -> a.a.a.a.b$e:
    androidx.arch.core.internal.SafeIterableMap$Entry mExpectedEnd -> a
    androidx.arch.core.internal.SafeIterableMap$Entry mNext -> b
    androidx.arch.core.internal.SafeIterableMap$Entry nextNode() -> a
    void supportRemove(androidx.arch.core.internal.SafeIterableMap$Entry) -> a
    androidx.arch.core.internal.SafeIterableMap$Entry backward(androidx.arch.core.internal.SafeIterableMap$Entry) -> b
    androidx.arch.core.internal.SafeIterableMap$Entry forward(androidx.arch.core.internal.SafeIterableMap$Entry) -> c
androidx.arch.core.internal.SafeIterableMap$SupportRemove -> a.a.a.a.b$f:
    void supportRemove(androidx.arch.core.internal.SafeIterableMap$Entry) -> a
androidx.collection.ArrayMap -> a.b.a:
    androidx.collection.MapCollections mCollections -> h
    androidx.collection.MapCollections getCollection() -> b
androidx.collection.ArrayMap$1 -> a.b.a$a:
    androidx.collection.ArrayMap this$0 -> d
    void colClear() -> a
    java.lang.Object colGetEntry(int,int) -> a
    int colIndexOfKey(java.lang.Object) -> a
    void colPut(java.lang.Object,java.lang.Object) -> a
    void colRemoveAt(int) -> a
    java.lang.Object colSetValue(int,java.lang.Object) -> a
    java.util.Map colGetMap() -> b
    int colIndexOfValue(java.lang.Object) -> b
    int colGetSize() -> c
androidx.collection.ContainerHelpers -> a.b.b:
    java.lang.Object[] EMPTY_OBJECTS -> b
    int[] EMPTY_INTS -> a
    int binarySearch(int[],int,int) -> a
    boolean equal(java.lang.Object,java.lang.Object) -> a